{"level":"error","message":"Error during Data Source:  connect ECONNREFUSED ::1:27017","reason":{"commonWireVersion":0,"compatible":true,"heartbeatFrequencyMS":10000,"localThresholdMS":15,"logicalSessionTimeoutMinutes":null,"maxElectionId":null,"maxSetVersion":null,"servers":{},"setName":null,"stale":false,"type":"Unknown"},"stack":"MongoServerSelectionError: connect ECONNREFUSED ::1:27017\n    at Timeout._onTimeout (D:\\projects\\recipes\\server\\node_modules\\mongodb\\src\\sdam\\topology.ts:567:30)\n    at listOnTimeout (node:internal/timers:573:17)\n    at processTimers (node:internal/timers:514:7)","timestamp":"2025-03-17T17:24:58.584Z"}
{"level":"error","message":"Error during Data Source:  getaddrinfo ENOTFOUND cluster0.elojd0q.mongodb.net","reason":{"commonWireVersion":0,"compatible":true,"heartbeatFrequencyMS":10000,"localThresholdMS":15,"logicalSessionTimeoutMinutes":null,"maxElectionId":null,"maxSetVersion":null,"servers":{},"setName":null,"stale":false,"type":"Unknown"},"stack":"MongoServerSelectionError: getaddrinfo ENOTFOUND cluster0.elojd0q.mongodb.net\n    at Timeout._onTimeout (D:\\projects\\recipes\\server\\node_modules\\mongodb\\src\\sdam\\topology.ts:567:30)\n    at listOnTimeout (node:internal/timers:573:17)\n    at processTimers (node:internal/timers:514:7)","timestamp":"2025-03-17T17:25:55.202Z"}
{"level":"error","message":"Error register user:  User with email exists","stack":"Error: User with email exists\n    at D:\\projects\\recipes\\server\\src\\services\\auth.service.ts:15:9\n    at Generator.next (<anonymous>)\n    at fulfilled (D:\\projects\\recipes\\server\\src\\services\\auth.service.ts:5:58)\n    at processTicksAndRejections (node:internal/process/task_queues:95:5)","timestamp":"2025-03-17T17:29:31.446Z"}
{"level":"error","message":"SyntaxError: Expected double-quoted property name in JSON at position 58\n    at JSON.parse (<anonymous>)\n    at parse (D:\\projects\\recipes\\server\\node_modules\\body-parser\\lib\\types\\json.js:92:19)\n    at D:\\projects\\recipes\\server\\node_modules\\body-parser\\lib\\read.js:128:18\n    at AsyncResource.runInAsyncScope (node:async_hooks:203:9)\n    at invokeCallback (D:\\projects\\recipes\\server\\node_modules\\raw-body\\index.js:238:16)\n    at done (D:\\projects\\recipes\\server\\node_modules\\raw-body\\index.js:227:7)\n    at IncomingMessage.onEnd (D:\\projects\\recipes\\server\\node_modules\\raw-body\\index.js:287:7)\n    at IncomingMessage.emit (node:events:513:28)\n    at endReadableNT (node:internal/streams/readable:1359:12)\n    at processTicksAndRejections (node:internal/process/task_queues:82:21)","timestamp":"2025-03-17T17:32:39.761Z"}
{"level":"error","message":"SyntaxError: Expected double-quoted property name in JSON at position 58\n    at JSON.parse (<anonymous>)\n    at parse (D:\\projects\\recipes\\server\\node_modules\\body-parser\\lib\\types\\json.js:92:19)\n    at D:\\projects\\recipes\\server\\node_modules\\body-parser\\lib\\read.js:128:18\n    at AsyncResource.runInAsyncScope (node:async_hooks:203:9)\n    at invokeCallback (D:\\projects\\recipes\\server\\node_modules\\raw-body\\index.js:238:16)\n    at done (D:\\projects\\recipes\\server\\node_modules\\raw-body\\index.js:227:7)\n    at IncomingMessage.onEnd (D:\\projects\\recipes\\server\\node_modules\\raw-body\\index.js:287:7)\n    at IncomingMessage.emit (node:events:513:28)\n    at endReadableNT (node:internal/streams/readable:1359:12)\n    at processTicksAndRejections (node:internal/process/task_queues:82:21)","timestamp":"2025-03-17T17:32:52.988Z"}
{"level":"error","message":"SyntaxError: Expected double-quoted property name in JSON at position 58\n    at JSON.parse (<anonymous>)\n    at parse (D:\\projects\\recipes\\server\\node_modules\\body-parser\\lib\\types\\json.js:92:19)\n    at D:\\projects\\recipes\\server\\node_modules\\body-parser\\lib\\read.js:128:18\n    at AsyncResource.runInAsyncScope (node:async_hooks:203:9)\n    at invokeCallback (D:\\projects\\recipes\\server\\node_modules\\raw-body\\index.js:238:16)\n    at done (D:\\projects\\recipes\\server\\node_modules\\raw-body\\index.js:227:7)\n    at IncomingMessage.onEnd (D:\\projects\\recipes\\server\\node_modules\\raw-body\\index.js:287:7)\n    at IncomingMessage.emit (node:events:513:28)\n    at endReadableNT (node:internal/streams/readable:1359:12)\n    at processTicksAndRejections (node:internal/process/task_queues:82:21)","timestamp":"2025-03-17T17:32:53.887Z"}
{"level":"error","message":"SyntaxError: Expected double-quoted property name in JSON at position 58\n    at JSON.parse (<anonymous>)\n    at parse (D:\\projects\\recipes\\server\\node_modules\\body-parser\\lib\\types\\json.js:92:19)\n    at D:\\projects\\recipes\\server\\node_modules\\body-parser\\lib\\read.js:128:18\n    at AsyncResource.runInAsyncScope (node:async_hooks:203:9)\n    at invokeCallback (D:\\projects\\recipes\\server\\node_modules\\raw-body\\index.js:238:16)\n    at done (D:\\projects\\recipes\\server\\node_modules\\raw-body\\index.js:227:7)\n    at IncomingMessage.onEnd (D:\\projects\\recipes\\server\\node_modules\\raw-body\\index.js:287:7)\n    at IncomingMessage.emit (node:events:513:28)\n    at endReadableNT (node:internal/streams/readable:1359:12)\n    at processTicksAndRejections (node:internal/process/task_queues:82:21)","timestamp":"2025-03-17T17:33:13.319Z"}
{"level":"error","message":"SyntaxError: Expected double-quoted property name in JSON at position 58\n    at JSON.parse (<anonymous>)\n    at parse (D:\\projects\\recipes\\server\\node_modules\\body-parser\\lib\\types\\json.js:92:19)\n    at D:\\projects\\recipes\\server\\node_modules\\body-parser\\lib\\read.js:128:18\n    at AsyncResource.runInAsyncScope (node:async_hooks:203:9)\n    at invokeCallback (D:\\projects\\recipes\\server\\node_modules\\raw-body\\index.js:238:16)\n    at done (D:\\projects\\recipes\\server\\node_modules\\raw-body\\index.js:227:7)\n    at IncomingMessage.onEnd (D:\\projects\\recipes\\server\\node_modules\\raw-body\\index.js:287:7)\n    at IncomingMessage.emit (node:events:513:28)\n    at endReadableNT (node:internal/streams/readable:1359:12)\n    at processTicksAndRejections (node:internal/process/task_queues:82:21)","timestamp":"2025-03-17T17:33:47.297Z"}
{"level":"error","message":"Error login user:  secretOrPrivateKey must have a value","stack":"Error: secretOrPrivateKey must have a value\n    at Object.module.exports [as sign] (D:\\projects\\recipes\\server\\node_modules\\jsonwebtoken\\sign.js:111:20)\n    at D:\\projects\\recipes\\server\\src\\services\\auth.service.ts:43:20\n    at Generator.next (<anonymous>)\n    at fulfilled (D:\\projects\\recipes\\server\\src\\services\\auth.service.ts:5:58)","timestamp":"2025-03-17T17:34:22.994Z"}
{"level":"error","message":"No metadata for \"User\" was found.","timestamp":"2025-03-17T17:36:48.042Z"}
{"level":"error","timestamp":"2025-03-17T17:38:53.826Z"}
{"level":"error","timestamp":"2025-03-17T17:40:04.942Z"}
{"level":"error","timestamp":"2025-03-17T17:40:08.220Z"}
{"level":"error","timestamp":"2025-03-17T17:40:35.388Z"}
{"level":"error","timestamp":"2025-03-17T17:41:10.994Z"}
{"level":"error","timestamp":"2025-03-17T17:41:38.132Z"}
{"level":"error","timestamp":"2025-03-17T17:41:59.754Z"}
{"level":"error","timestamp":"2025-03-17T17:44:58.480Z"}
{"level":"error","message":"Error register user:  User with email exists","stack":"Error: User with email exists\n    at D:\\projects\\recipes\\server\\src\\services\\auth.service.ts:15:9\n    at Generator.next (<anonymous>)\n    at fulfilled (D:\\projects\\recipes\\server\\src\\services\\auth.service.ts:5:58)\n    at processTicksAndRejections (node:internal/process/task_queues:95:5)","timestamp":"2025-03-17T17:54:27.426Z"}
{"level":"error","message":"Error login user:  Wrong data","stack":"Error: Wrong data\n    at D:\\projects\\recipes\\server\\src\\services\\auth.service.ts:37:9\n    at Generator.next (<anonymous>)\n    at fulfilled (D:\\projects\\recipes\\server\\src\\services\\auth.service.ts:5:58)\n    at processTicksAndRejections (node:internal/process/task_queues:105:5)","timestamp":"2025-05-21T18:29:59.027Z"}
{"level":"error","message":"Error login user:  Wrong data","stack":"Error: Wrong data\n    at D:\\projects\\recipes\\server\\src\\services\\auth.service.ts:37:9\n    at Generator.next (<anonymous>)\n    at fulfilled (D:\\projects\\recipes\\server\\src\\services\\auth.service.ts:5:58)\n    at processTicksAndRejections (node:internal/process/task_queues:105:5)","timestamp":"2025-05-21T19:24:10.126Z"}
{"level":"error","message":"Error login user:  Wrong data","stack":"Error: Wrong data\n    at D:\\projects\\recipes\\server\\src\\services\\auth.service.ts:37:9\n    at Generator.next (<anonymous>)\n    at fulfilled (D:\\projects\\recipes\\server\\src\\services\\auth.service.ts:5:58)\n    at processTicksAndRejections (node:internal/process/task_queues:105:5)","timestamp":"2025-05-21T19:24:33.300Z"}
{"level":"error","message":"Error login user:  Wrong data","stack":"Error: Wrong data\n    at D:\\projects\\recipes\\server\\src\\services\\auth.service.ts:37:9\n    at Generator.next (<anonymous>)\n    at fulfilled (D:\\projects\\recipes\\server\\src\\services\\auth.service.ts:5:58)\n    at processTicksAndRejections (node:internal/process/task_queues:105:5)","timestamp":"2025-05-21T19:25:12.731Z"}
{"level":"error","message":"Error login user:  Wrong data","stack":"Error: Wrong data\n    at D:\\projects\\recipes\\server\\src\\services\\auth.service.ts:37:9\n    at Generator.next (<anonymous>)\n    at fulfilled (D:\\projects\\recipes\\server\\src\\services\\auth.service.ts:5:58)\n    at processTicksAndRejections (node:internal/process/task_queues:105:5)","timestamp":"2025-05-21T19:26:18.157Z"}
{"level":"error","message":"Error login user:  Wrong data","stack":"Error: Wrong data\n    at D:\\projects\\recipes\\server\\src\\services\\auth.service.ts:37:9\n    at Generator.next (<anonymous>)\n    at fulfilled (D:\\projects\\recipes\\server\\src\\services\\auth.service.ts:5:58)\n    at processTicksAndRejections (node:internal/process/task_queues:105:5)","timestamp":"2025-05-21T19:27:42.907Z"}
{"level":"error","message":"Error login user:  Wrong data","stack":"Error: Wrong data\n    at D:\\projects\\recipes\\server\\src\\services\\auth.service.ts:37:9\n    at Generator.next (<anonymous>)\n    at fulfilled (D:\\projects\\recipes\\server\\src\\services\\auth.service.ts:5:58)\n    at processTicksAndRejections (node:internal/process/task_queues:105:5)","timestamp":"2025-05-21T19:27:53.626Z"}
{"level":"error","message":"Error login user:  Wrong data","stack":"Error: Wrong data\n    at D:\\projects\\recipes\\server\\src\\services\\auth.service.ts:37:9\n    at Generator.next (<anonymous>)\n    at fulfilled (D:\\projects\\recipes\\server\\src\\services\\auth.service.ts:5:58)\n    at processTicksAndRejections (node:internal/process/task_queues:105:5)","timestamp":"2025-05-21T19:29:58.705Z"}
{"level":"error","message":"Error login user:  Wrong data","stack":"Error: Wrong data\n    at D:\\projects\\recipes\\server\\src\\services\\auth.service.ts:37:9\n    at Generator.next (<anonymous>)\n    at fulfilled (D:\\projects\\recipes\\server\\src\\services\\auth.service.ts:5:58)\n    at processTicksAndRejections (node:internal/process/task_queues:105:5)","timestamp":"2025-05-21T20:39:13.094Z"}
{"level":"error","message":"Error login user:  Wrong data","stack":"Error: Wrong data\n    at D:\\projects\\recipes\\server\\src\\services\\auth.service.ts:37:9\n    at Generator.next (<anonymous>)\n    at fulfilled (D:\\projects\\recipes\\server\\src\\services\\auth.service.ts:5:58)\n    at processTicksAndRejections (node:internal/process/task_queues:105:5)","timestamp":"2025-05-21T22:14:39.438Z"}
{"level":"error","message":"Error login user:  Wrong data","stack":"Error: Wrong data\n    at D:\\projects\\recipes\\server\\src\\services\\auth.service.ts:37:9\n    at Generator.next (<anonymous>)\n    at fulfilled (D:\\projects\\recipes\\server\\src\\services\\auth.service.ts:5:58)\n    at processTicksAndRejections (node:internal/process/task_queues:105:5)","timestamp":"2025-05-21T22:15:36.502Z"}
{"level":"error","message":"Error login user:  Wrong data","stack":"Error: Wrong data\n    at D:\\projects\\recipes\\server\\src\\services\\auth.service.ts:37:9\n    at Generator.next (<anonymous>)\n    at fulfilled (D:\\projects\\recipes\\server\\src\\services\\auth.service.ts:5:58)\n    at processTicksAndRejections (node:internal/process/task_queues:105:5)","timestamp":"2025-05-22T08:41:57.146Z"}
{"level":"error","message":"Error login user:  Wrong data","stack":"Error: Wrong data\n    at D:\\projects\\recipes\\server\\src\\services\\auth.service.ts:36:9\n    at Generator.next (<anonymous>)\n    at fulfilled (D:\\projects\\recipes\\server\\src\\services\\auth.service.ts:5:58)\n    at processTicksAndRejections (node:internal/process/task_queues:105:5)","timestamp":"2025-05-22T10:22:32.187Z"}
{"level":"error","timestamp":"2025-05-22T11:13:23.009Z"}
{"level":"error","timestamp":"2025-05-22T11:13:42.006Z"}
{"level":"error","timestamp":"2025-05-22T11:13:43.742Z"}
{"level":"error","timestamp":"2025-05-22T11:13:44.547Z"}
{"level":"error","timestamp":"2025-05-22T11:14:21.229Z"}
{"level":"error","timestamp":"2025-05-22T11:14:22.073Z"}
{"level":"error","timestamp":"2025-05-22T11:14:24.398Z"}
{"level":"error","timestamp":"2025-05-22T11:14:25.067Z"}
{"level":"error","timestamp":"2025-05-22T11:14:27.522Z"}
{"level":"error","timestamp":"2025-05-22T11:14:38.751Z"}
{"level":"error","timestamp":"2025-05-22T11:14:42.342Z"}
{"level":"error","timestamp":"2025-05-22T11:14:42.755Z"}
{"level":"error","timestamp":"2025-05-22T11:15:10.567Z"}
{"level":"error","timestamp":"2025-05-22T11:15:11.831Z"}
{"level":"error","timestamp":"2025-05-22T11:15:39.483Z"}
{"level":"error","timestamp":"2025-05-22T11:16:04.845Z"}
{"expiredAt":"2025-04-16T17:53:42.000Z","level":"error","message":"jwt expired","name":"TokenExpiredError","timestamp":"2025-05-22T21:47:15.975Z"}
{"level":"error","message":"Error login user:  Wrong data","stack":"Error: Wrong data\n    at D:\\projects\\recipes\\server\\src\\services\\auth.service.ts:36:9\n    at Generator.next (<anonymous>)\n    at fulfilled (D:\\projects\\recipes\\server\\src\\services\\auth.service.ts:5:58)\n    at processTicksAndRejections (node:internal/process/task_queues:105:5)","timestamp":"2025-05-22T21:57:29.753Z"}
{"level":"error","message":"No metadata for \"Recipes\" was found.","timestamp":"2025-05-23T10:19:47.551Z"}
{"level":"error","message":"No metadata for \"User\" was found.","timestamp":"2025-05-23T10:19:47.707Z"}
{"level":"error","message":"No metadata for \"Recipes\" was found.","timestamp":"2025-05-23T10:19:47.709Z"}
{"level":"error","message":"Error login user:  Wrong data","stack":"Error: Wrong data\n    at D:\\projects\\recipes\\server\\src\\services\\auth.service.ts:40:9\n    at Generator.next (<anonymous>)\n    at fulfilled (D:\\projects\\recipes\\server\\src\\services\\auth.service.ts:5:58)","timestamp":"2025-05-23T11:25:33.775Z"}
{"level":"error","timestamp":"2025-05-24T20:10:52.054Z"}
{"level":"error","timestamp":"2025-05-24T20:12:28.110Z"}
{"level":"error","timestamp":"2025-05-24T20:12:28.927Z"}
{"level":"error","timestamp":"2025-05-24T20:12:32.185Z"}
{"level":"error","timestamp":"2025-05-24T20:12:33.005Z"}
{"level":"error","timestamp":"2025-05-24T20:30:38.209Z"}
{"level":"error","timestamp":"2025-05-24T20:30:39.246Z"}
{"level":"error","timestamp":"2025-05-24T20:30:41.275Z"}
{"level":"error","timestamp":"2025-05-24T20:30:45.320Z"}
{"level":"error","timestamp":"2025-05-24T20:32:27.260Z"}
{"level":"error","timestamp":"2025-05-24T20:32:28.316Z"}
{"level":"error","timestamp":"2025-05-24T20:32:30.352Z"}
{"level":"error","timestamp":"2025-05-24T20:32:34.382Z"}
{"level":"error","message":"No metadata for \"Comments\" was found.","timestamp":"2025-05-24T20:38:26.602Z"}
{"level":"error","message":"No metadata for \"Comments\" was found.","timestamp":"2025-05-24T20:38:27.632Z"}
{"level":"error","message":"No metadata for \"Comments\" was found.","timestamp":"2025-05-24T20:38:29.668Z"}
{"level":"error","message":"No metadata for \"Comments\" was found.","timestamp":"2025-05-24T20:38:33.698Z"}
{"level":"error","message":"No metadata for \"Comments\" was found.","timestamp":"2025-05-24T20:39:53.636Z"}
{"level":"error","message":"No metadata for \"Comments\" was found.","timestamp":"2025-05-24T20:39:54.675Z"}
{"level":"error","message":"No metadata for \"Comments\" was found.","timestamp":"2025-05-24T20:39:56.708Z"}
{"level":"error","message":"No metadata for \"Comments\" was found.","timestamp":"2025-05-24T20:40:00.740Z"}
{"level":"error","message":"No metadata for \"Comments\" was found.","timestamp":"2025-05-24T20:42:35.659Z"}
{"level":"error","message":"No metadata for \"Comments\" was found.","timestamp":"2025-05-24T20:42:36.679Z"}
{"level":"error","message":"No metadata for \"Comments\" was found.","timestamp":"2025-05-24T20:42:38.714Z"}
{"level":"error","message":"No metadata for \"Comments\" was found.","timestamp":"2025-05-24T20:42:42.743Z"}
{"level":"error","message":"No metadata for \"Comments\" was found.","timestamp":"2025-05-24T20:46:29.182Z"}
{"level":"error","message":"No metadata for \"Comments\" was found.","timestamp":"2025-05-24T20:46:58.344Z"}
{"level":"error","timestamp":"2025-05-24T21:00:52.968Z"}
{"level":"error","timestamp":"2025-05-24T21:15:59.555Z"}
{"level":"error","timestamp":"2025-05-24T21:16:19.987Z"}
{"level":"error","timestamp":"2025-05-24T21:30:03.245Z"}
{"level":"error","timestamp":"2025-05-24T21:30:38.451Z"}
{"level":"error","message":"Error getting comments: User with ID 682f92bb0eb496b707ef3a3b not found for comment 683230619fa537713c6d5248","stack":"Error: User with ID 682f92bb0eb496b707ef3a3b not found for comment 683230619fa537713c6d5248\n    at D:\\projects\\recipes\\server\\src\\services\\comments.service.ts:27:11\n    at Generator.next (<anonymous>)\n    at fulfilled (D:\\projects\\recipes\\server\\src\\services\\comments.service.ts:5:58)\n    at processTicksAndRejections (node:internal/process/task_queues:105:5)","timestamp":"2025-05-24T21:32:27.950Z"}
{"level":"error","message":"Error getting comments: User with ID 682f92bb0eb496b707ef3a3b not found for comment 683230619fa537713c6d5248","stack":"Error: User with ID 682f92bb0eb496b707ef3a3b not found for comment 683230619fa537713c6d5248\n    at D:\\projects\\recipes\\server\\src\\services\\comments.service.ts:29:11\n    at Generator.next (<anonymous>)\n    at fulfilled (D:\\projects\\recipes\\server\\src\\services\\comments.service.ts:5:58)\n    at processTicksAndRejections (node:internal/process/task_queues:105:5)","timestamp":"2025-05-24T21:38:47.729Z"}
{"level":"error","message":"Error getting comments: User with ID 682f92bb0eb496b707ef3a3b not found for comment 683230619fa537713c6d5248","stack":"Error: User with ID 682f92bb0eb496b707ef3a3b not found for comment 683230619fa537713c6d5248\n    at D:\\projects\\recipes\\server\\src\\services\\comments.service.ts:31:11\n    at Generator.next (<anonymous>)\n    at fulfilled (D:\\projects\\recipes\\server\\src\\services\\comments.service.ts:5:58)\n    at processTicksAndRejections (node:internal/process/task_queues:105:5)","timestamp":"2025-05-24T21:43:20.545Z"}
{"level":"error","timestamp":"2025-05-25T14:05:41.394Z"}
{"level":"error","message":"Error getting comments: No metadata for \"Comments\" was found.","stack":"EntityMetadataNotFoundError: No metadata for \"Comments\" was found.\n    at DataSource.getMetadata (D:\\projects\\recipes\\server\\src\\data-source\\DataSource.ts:450:30)\n    at MongoRepository.get metadata [as metadata] (D:\\projects\\recipes\\server\\src\\repository\\Repository.ts:53:40)\n    at MongoRepository.find (D:\\projects\\recipes\\server\\src\\repository\\MongoRepository.ts:97:39)\n    at D:\\projects\\recipes\\server\\src\\services\\comments.service.ts:19:38\n    at Generator.next (<anonymous>)\n    at D:\\projects\\recipes\\server\\src\\services\\comments.service.ts:8:71\n    at new Promise (<anonymous>)\n    at __awaiter (D:\\projects\\recipes\\server\\src\\services\\comments.service.ts:4:12)\n    at getCommentsByPostId (D:\\projects\\recipes\\server\\src\\services\\comments.service.ts:14:5)\n    at D:\\projects\\recipes\\server\\src\\controllers\\comments.controller.ts:14:45","timestamp":"2025-05-25T14:06:44.389Z"}
{"level":"error","message":"No metadata for \"Recipes\" was found.","timestamp":"2025-05-27T14:28:27.811Z"}
